<clickhouse>
    <user_files_path>/</user_files_path>

    <profiles>
        <default>
          <flatten_nested>0</flatten_nested>
          <join_use_nulls>1</join_use_nulls>
        </default>
    </profiles>

    <!-- Config that is used when server is run without config file. -->
    <logger>
        <level>trace</level>
        <console>true</console>
        <formatting>json</formatting>
    </logger>

    <http_port>8123</http_port>
    <tcp_port>9000</tcp_port>
    <mysql_port>9004</mysql_port>
    <postgresql_port>9005</postgresql_port>
    <path>./</path>

    <mlock_executable>true</mlock_executable>

    <users>
        <default>
            <password/>

            <networks>
                <ip>::/0</ip>
            </networks>

            <profile>default</profile>
            <quota>default</quota>

            <access_management>1</access_management>
            <named_collection_control>1</named_collection_control>
        </default>
    </users>

    <quotas>
        <default/>
    </quotas>
    <query_log>
        <database>system</database>
        <table>query_log</table>
        <engine>Engine = MergeTree PARTITION BY event_date ORDER BY event_time TTL event_date + INTERVAL 30 day</engine>
        <flush_interval_milliseconds>7500</flush_interval_milliseconds>
        <max_size_rows>1048576</max_size_rows>
        <reserved_size_rows>8192</reserved_size_rows>
        <buffer_size_rows_flush_threshold>524288</buffer_size_rows_flush_threshold>
        <flush_on_crash>false</flush_on_crash>
    </query_log>

</clickhouse>
