<clickhouse>
    <user_files_path from_env="TMPDIR"/>
</clickhouse>
